c:\users\81808\source\repos\syupure2\debug\vc141.pdb
c:\users\81808\source\repos\syupure2\debug\vc141.idb
c:\users\81808\source\repos\syupure2\debug\player.obj
c:\users\81808\source\repos\syupure2\debug\missile.obj
c:\users\81808\source\repos\syupure2\debug\meshwall.obj
c:\users\81808\source\repos\syupure2\debug\meshsky.obj
c:\users\81808\source\repos\syupure2\debug\meshfield.obj
c:\users\81808\source\repos\syupure2\debug\main.obj
c:\users\81808\source\repos\syupure2\debug\light.obj
c:\users\81808\source\repos\syupure2\debug\life.obj
c:\users\81808\source\repos\syupure2\debug\item.obj
c:\users\81808\source\repos\syupure2\debug\input.obj
c:\users\81808\source\repos\syupure2\debug\game.obj
c:\users\81808\source\repos\syupure2\debug\fade.obj
c:\users\81808\source\repos\syupure2\debug\explosion.obj
c:\users\81808\source\repos\syupure2\debug\enemybullet.obj
c:\users\81808\source\repos\syupure2\debug\enemy.obj
c:\users\81808\source\repos\syupure2\debug\effect.obj
c:\users\81808\source\repos\syupure2\debug\colision.obj
c:\users\81808\source\repos\syupure2\debug\camera.obj
c:\users\81808\source\repos\syupure2\debug\bullet.obj
c:\users\81808\source\repos\syupure2\debug\aircraftcarrier.obj
c:\users\81808\source\repos\syupure2\debug\tutorial.obj
c:\users\81808\source\repos\syupure2\debug\title.obj
c:\users\81808\source\repos\syupure2\debug\cockpit.obj
c:\users\81808\source\repos\syupure2\debug\sound.obj
c:\users\81808\source\repos\syupure2\debug\shadow.obj
c:\users\81808\source\repos\syupure2\debug\score.obj
c:\users\81808\source\repos\syupure2\debug\rule.obj
c:\users\81808\source\repos\syupure2\debug\result.obj
c:\users\81808\source\repos\syupure2\debug\radarenemy.obj
c:\users\81808\source\repos\syupure2\debug\radar.obj
c:\users\81808\source\repos\syupure2\debug\syupure2.exe
c:\users\81808\source\repos\syupure2\debug\syupure2.ilk
c:\users\81808\source\repos\syupure2\debug\syupure2.pdb
c:\users\81808\source\repos\syupure2\debug\syupure2.tlog\cl.command.1.tlog
c:\users\81808\source\repos\syupure2\debug\syupure2.tlog\cl.read.1.tlog
c:\users\81808\source\repos\syupure2\debug\syupure2.tlog\cl.write.1.tlog
c:\users\81808\source\repos\syupure2\debug\syupure2.tlog\link.command.1.tlog
c:\users\81808\source\repos\syupure2\debug\syupure2.tlog\link.read.1.tlog
c:\users\81808\source\repos\syupure2\debug\syupure2.tlog\link.write.1.tlog
