c:\users\81808\source\repos\syupure2\release\vc141.pdb
c:\users\81808\source\repos\syupure2\release\score.obj
c:\users\81808\source\repos\syupure2\release\result.obj
c:\users\81808\source\repos\syupure2\release\radar.obj
c:\users\81808\source\repos\syupure2\release\meshwall.obj
c:\users\81808\source\repos\syupure2\release\meshfield.obj
c:\users\81808\source\repos\syupure2\release\main.obj
c:\users\81808\source\repos\syupure2\release\light.obj
c:\users\81808\source\repos\syupure2\release\life.obj
c:\users\81808\source\repos\syupure2\release\item.obj
c:\users\81808\source\repos\syupure2\release\input.obj
c:\users\81808\source\repos\syupure2\release\game.obj
c:\users\81808\source\repos\syupure2\release\fade.obj
c:\users\81808\source\repos\syupure2\release\explosion.obj
c:\users\81808\source\repos\syupure2\release\enemybullet.obj
c:\users\81808\source\repos\syupure2\release\enemy.obj
c:\users\81808\source\repos\syupure2\release\effect.obj
c:\users\81808\source\repos\syupure2\release\colision.obj
c:\users\81808\source\repos\syupure2\release\camera.obj
c:\users\81808\source\repos\syupure2\release\bullet.obj
c:\users\81808\source\repos\syupure2\release\tutorial.obj
c:\users\81808\source\repos\syupure2\release\title.obj
c:\users\81808\source\repos\syupure2\release\cockpit.obj
c:\users\81808\source\repos\syupure2\release\sound.obj
c:\users\81808\source\repos\syupure2\release\shadow.obj
c:\users\81808\source\repos\syupure2\release\player.obj
c:\users\81808\source\repos\syupure2\release\rule.obj
c:\users\81808\source\repos\syupure2\release\radarenemy.obj
c:\users\81808\source\repos\syupure2\release\meshsky.obj
c:\users\81808\source\repos\syupure2\release\aircraftcarrier.obj
c:\users\81808\source\repos\syupure2\release\missile.obj
c:\users\81808\source\repos\syupure2\release\syupure2.exe
c:\users\81808\source\repos\syupure2\release\syupure2.pdb
c:\users\81808\source\repos\syupure2\release\syupure2.ipdb
c:\users\81808\source\repos\syupure2\release\syupure2.iobj
c:\users\81808\source\repos\syupure2\release\syupure2.tlog\cl.command.1.tlog
c:\users\81808\source\repos\syupure2\release\syupure2.tlog\cl.read.1.tlog
c:\users\81808\source\repos\syupure2\release\syupure2.tlog\cl.write.1.tlog
c:\users\81808\source\repos\syupure2\release\syupure2.tlog\link.command.1.tlog
c:\users\81808\source\repos\syupure2\release\syupure2.tlog\link.read.1.tlog
c:\users\81808\source\repos\syupure2\release\syupure2.tlog\link.write.1.tlog
c:\users\81808\source\repos\syupure2\release\syupure2.tlog\syupure2.write.1u.tlog
