  aircraftcarrier.cpp
  bullet.cpp
  camera.cpp
c:\users\81808\source\repos\syupure2\camera.cpp(107): warning C4101: 'fLength': ローカル変数は 1 度も使われていません。
  colision.cpp
  effect.cpp
  enemy.cpp
c:\users\81808\source\repos\syupure2\enemy.cpp(168): warning C4305: '+=': 'double' から 'float' へ切り詰めます。
c:\users\81808\source\repos\syupure2\enemy.cpp(180): warning C4305: '-=': 'double' から 'float' へ切り詰めます。
  enemybullet.cpp
  explosion.cpp
  fade.cpp
  game.cpp
  input.cpp
  item.cpp
  life.cpp
  light.cpp
  main.cpp
c:\users\81808\source\repos\syupure2\main.cpp(532): warning C4101: 'str1': ローカル変数は 1 度も使われていません。
  meshfield.cpp
  meshsky.cpp
  meshwall.cpp
  missile.cpp
  player.cpp
  コードを生成中...
  コンパイル中...
  radar.cpp
  radarenemy.cpp
  result.cpp
  rule.cpp
  score.cpp
  shadow.cpp
  sound.cpp
  cockpit.cpp
  title.cpp
  tutorial.cpp
  コードを生成中...
shadow.obj : error LNK2001: 外部シンボル "D3DXMatrixMultiply" は未解決です。
meshsky.obj : error LNK2001: 外部シンボル "D3DXMatrixMultiply" は未解決です。
meshwall.obj : error LNK2001: 外部シンボル "D3DXMatrixMultiply" は未解決です。
missile.obj : error LNK2001: 外部シンボル "D3DXMatrixMultiply" は未解決です。
player.obj : error LNK2001: 外部シンボル "D3DXMatrixMultiply" は未解決です。
enemybullet.obj : error LNK2001: 外部シンボル "D3DXMatrixMultiply" は未解決です。
explosion.obj : error LNK2001: 外部シンボル "D3DXMatrixMultiply" は未解決です。
item.obj : error LNK2001: 外部シンボル "D3DXMatrixMultiply" は未解決です。
meshfield.obj : error LNK2001: 外部シンボル "D3DXMatrixMultiply" は未解決です。
aircraftcarrier.obj : error LNK2001: 外部シンボル "D3DXMatrixMultiply" は未解決です。
bullet.obj : error LNK2001: 外部シンボル "D3DXMatrixMultiply" は未解決です。
effect.obj : error LNK2001: 外部シンボル "D3DXMatrixMultiply" は未解決です。
enemy.obj : error LNK2001: 外部シンボル "D3DXMatrixMultiply" は未解決です。
enemybullet.obj : error LNK2001: 外部シンボル "D3DXMatrixScaling" は未解決です。
explosion.obj : error LNK2001: 外部シンボル "D3DXMatrixScaling" は未解決です。
missile.obj : error LNK2001: 外部シンボル "D3DXMatrixScaling" は未解決です。
aircraftcarrier.obj : error LNK2001: 外部シンボル "D3DXMatrixScaling" は未解決です。
bullet.obj : error LNK2001: 外部シンボル "D3DXMatrixScaling" は未解決です。
effect.obj : error LNK2001: 外部シンボル "D3DXMatrixScaling" は未解決です。
enemy.obj : error LNK2001: 外部シンボル "D3DXMatrixScaling" は未解決です。
shadow.obj : error LNK2001: 外部シンボル "D3DXMatrixTranslation" は未解決です。
meshsky.obj : error LNK2001: 外部シンボル "D3DXMatrixTranslation" は未解決です。
meshwall.obj : error LNK2001: 外部シンボル "D3DXMatrixTranslation" は未解決です。
missile.obj : error LNK2001: 外部シンボル "D3DXMatrixTranslation" は未解決です。
player.obj : error LNK2001: 外部シンボル "D3DXMatrixTranslation" は未解決です。
enemybullet.obj : error LNK2001: 外部シンボル "D3DXMatrixTranslation" は未解決です。
explosion.obj : error LNK2001: 外部シンボル "D3DXMatrixTranslation" は未解決です。
item.obj : error LNK2001: 外部シンボル "D3DXMatrixTranslation" は未解決です。
meshfield.obj : error LNK2001: 外部シンボル "D3DXMatrixTranslation" は未解決です。
aircraftcarrier.obj : error LNK2001: 外部シンボル "D3DXMatrixTranslation" は未解決です。
bullet.obj : error LNK2001: 外部シンボル "D3DXMatrixTranslation" は未解決です。
effect.obj : error LNK2001: 外部シンボル "D3DXMatrixTranslation" は未解決です。
enemy.obj : error LNK2001: 外部シンボル "D3DXMatrixTranslation" は未解決です。
meshsky.obj : error LNK2001: 外部シンボル "D3DXMatrixRotationYawPitchRoll" は未解決です。
meshwall.obj : error LNK2001: 外部シンボル "D3DXMatrixRotationYawPitchRoll" は未解決です。
aircraftcarrier.obj : error LNK2001: 外部シンボル "D3DXMatrixRotationYawPitchRoll" は未解決です。
enemy.obj : error LNK2001: 外部シンボル "D3DXMatrixRotationYawPitchRoll" は未解決です。
item.obj : error LNK2001: 外部シンボル "D3DXMatrixRotationYawPitchRoll" は未解決です。
meshfield.obj : error LNK2001: 外部シンボル "D3DXMatrixRotationYawPitchRoll" は未解決です。
aircraftcarrier.obj : error LNK2019: 未解決の外部シンボル D3DXLoadMeshFromXA が関数 "long __cdecl InitAircraftCarrier(void)" (?InitAircraftCarrier@@YAJXZ) で参照されました。
enemy.obj : error LNK2001: 外部シンボル "D3DXLoadMeshFromXA" は未解決です。
item.obj : error LNK2001: 外部シンボル "D3DXLoadMeshFromXA" は未解決です。
player.obj : error LNK2001: 外部シンボル "D3DXLoadMeshFromXA" は未解決です。
title.obj : error LNK2001: 外部シンボル "D3DXCreateTextureFromFileA" は未解決です。
rule.obj : error LNK2001: 外部シンボル "D3DXCreateTextureFromFileA" は未解決です。
score.obj : error LNK2001: 外部シンボル "D3DXCreateTextureFromFileA" は未解決です。
shadow.obj : error LNK2001: 外部シンボル "D3DXCreateTextureFromFileA" は未解決です。
cockpit.obj : error LNK2001: 外部シンボル "D3DXCreateTextureFromFileA" は未解決です。
missile.obj : error LNK2001: 外部シンボル "D3DXCreateTextureFromFileA" は未解決です。
radar.obj : error LNK2001: 外部シンボル "D3DXCreateTextureFromFileA" は未解決です。
radarenemy.obj : error LNK2001: 外部シンボル "D3DXCreateTextureFromFileA" は未解決です。
result.obj : error LNK2001: 外部シンボル "D3DXCreateTextureFromFileA" は未解決です。
life.obj : error LNK2001: 外部シンボル "D3DXCreateTextureFromFileA" は未解決です。
meshfield.obj : error LNK2001: 外部シンボル "D3DXCreateTextureFromFileA" は未解決です。
meshsky.obj : error LNK2001: 外部シンボル "D3DXCreateTextureFromFileA" は未解決です。
meshwall.obj : error LNK2001: 外部シンボル "D3DXCreateTextureFromFileA" は未解決です。
bullet.obj : error LNK2001: 外部シンボル "D3DXCreateTextureFromFileA" は未解決です。
effect.obj : error LNK2001: 外部シンボル "D3DXCreateTextureFromFileA" は未解決です。
enemybullet.obj : error LNK2001: 外部シンボル "D3DXCreateTextureFromFileA" は未解決です。
explosion.obj : error LNK2001: 外部シンボル "D3DXCreateTextureFromFileA" は未解決です。
camera.obj : error LNK2019: 未解決の外部シンボル D3DXMatrixLookAtLH が関数 "void __cdecl SetCamera(void)" (?SetCamera@@YAXXZ) で参照されました。
camera.obj : error LNK2019: 未解決の外部シンボル D3DXMatrixPerspectiveFovLH が関数 "void __cdecl SetCamera(void)" (?SetCamera@@YAXXZ) で参照されました。
input.obj : error LNK2019: 未解決の外部シンボル DirectInput8Create が関数 "long __cdecl InitInput(struct HINSTANCE__ *,struct HWND__ *)" (?InitInput@@YAJPEAUHINSTANCE__@@PEAUHWND__@@@Z) で参照されました。
input.obj : error LNK2001: 外部シンボル "IID_IDirectInput8A" は未解決です。
input.obj : error LNK2001: 外部シンボル "GUID_SysMouse" は未解決です。
input.obj : error LNK2001: 外部シンボル "GUID_SysKeyboard" は未解決です。
input.obj : error LNK2001: 外部シンボル "c_dfDIMouse2" は未解決です。
input.obj : error LNK2001: 外部シンボル "c_dfDIKeyboard" は未解決です。
input.obj : error LNK2001: 外部シンボル "c_dfDIJoystick" は未解決です。
light.obj : error LNK2019: 未解決の外部シンボル D3DXVec3Normalize が関数 "long __cdecl InitLight(void)" (?InitLight@@YAJXZ) で参照されました。
main.obj : error LNK2019: 未解決の外部シンボル Direct3DCreate9 が関数 "long __cdecl Init(struct HWND__ *,int)" (?Init@@YAJPEAUHWND__@@H@Z) で参照されました。
main.obj : error LNK2019: 未解決の外部シンボル D3DXCreateFontA が関数 "long __cdecl Init(struct HWND__ *,int)" (?Init@@YAJPEAUHWND__@@H@Z) で参照されました。
player.obj : error LNK2019: 未解決の外部シンボル D3DXMatrixRotationQuaternion が関数 "void __cdecl DrawPlayer(void)" (?DrawPlayer@@YAXXZ) で参照されました。
player.obj : error LNK2019: 未解決の外部シンボル D3DXQuaternionRotationAxis が関数 "void __cdecl UpdatePlayer(void)" (?UpdatePlayer@@YAXXZ) で参照されました。
player.obj : error LNK2019: 未解決の外部シンボル D3DXQuaternionMultiply が関数 "void __cdecl UpdatePlayer(void)" (?UpdatePlayer@@YAXXZ) で参照されました。
C:\Program Files (x86)\Microsoft DirectX SDK (June 2010)\Lib\x86\d3d9.lib : warning LNK4272: ライブラリのコンピューターの種類 'x86' がターゲットのコンピューターの種類' x64' と競合しています
C:\Program Files (x86)\Microsoft DirectX SDK (June 2010)\Lib\x86\d3dx9.lib : warning LNK4272: ライブラリのコンピューターの種類 'x86' がターゲットのコンピューターの種類' x64' と競合しています
C:\Program Files (x86)\Microsoft DirectX SDK (June 2010)\Lib\x86\dinput8.lib : warning LNK4272: ライブラリのコンピューターの種類 'x86' がターゲットのコンピューターの種類' x64' と競合しています
C:\Program Files (x86)\Microsoft DirectX SDK (June 2010)\Lib\x86\dxguid.lib : warning LNK4272: ライブラリのコンピューターの種類 'x86' がターゲットのコンピューターの種類' x64' と競合しています
C:\Users\81808\source\repos\syupure2\x64\Debug\syupure2.exe : fatal error LNK1120: 21 件の未解決の外部参照
