c:\users\81808\source\repos\airbat\debug\cpprest141_2_10d.dll
c:\users\81808\source\repos\airbat\debug\vc141.pdb
c:\users\81808\source\repos\airbat\debug\vc141.idb
c:\users\81808\source\repos\airbat\debug\meshwall.obj
c:\users\81808\source\repos\airbat\debug\meshsky.obj
c:\users\81808\source\repos\airbat\debug\meshfield.obj
c:\users\81808\source\repos\airbat\debug\main.obj
c:\users\81808\source\repos\airbat\debug\light.obj
c:\users\81808\source\repos\airbat\debug\life.obj
c:\users\81808\source\repos\airbat\debug\item.obj
c:\users\81808\source\repos\airbat\debug\input.obj
c:\users\81808\source\repos\airbat\debug\getscore.obj
c:\users\81808\source\repos\airbat\debug\game.obj
c:\users\81808\source\repos\airbat\debug\fade.obj
c:\users\81808\source\repos\airbat\debug\explosion.obj
c:\users\81808\source\repos\airbat\debug\enemybullet.obj
c:\users\81808\source\repos\airbat\debug\enemy.obj
c:\users\81808\source\repos\airbat\debug\effect.obj
c:\users\81808\source\repos\airbat\debug\colision.obj
c:\users\81808\source\repos\airbat\debug\camera.obj
c:\users\81808\source\repos\airbat\debug\bulletscore.obj
c:\users\81808\source\repos\airbat\debug\bullet.obj
c:\users\81808\source\repos\airbat\debug\aircraftcarrier.obj
c:\users\81808\source\repos\airbat\debug\tutorial.obj
c:\users\81808\source\repos\airbat\debug\titleselection.obj
c:\users\81808\source\repos\airbat\debug\title.obj
c:\users\81808\source\repos\airbat\debug\timer.obj
c:\users\81808\source\repos\airbat\debug\cockpit.obj
c:\users\81808\source\repos\airbat\debug\sound.obj
c:\users\81808\source\repos\airbat\debug\shadow.obj
c:\users\81808\source\repos\airbat\debug\score.obj
c:\users\81808\source\repos\airbat\debug\savescore.obj
c:\users\81808\source\repos\airbat\debug\rule.obj
c:\users\81808\source\repos\airbat\debug\resultscore.obj
c:\users\81808\source\repos\airbat\debug\result.obj
c:\users\81808\source\repos\airbat\debug\ranking.obj
c:\users\81808\source\repos\airbat\debug\radarenemy.obj
c:\users\81808\source\repos\airbat\debug\radar.obj
c:\users\81808\source\repos\airbat\debug\player.obj
c:\users\81808\source\repos\airbat\debug\missile.obj
c:\users\81808\source\repos\airbat\debug\airbat.exe
c:\users\81808\source\repos\airbat\debug\airbat.ilk
c:\users\81808\source\repos\airbat\debug\airbat.pdb
c:\users\81808\source\repos\airbat\debug\c++rest.ilk
c:\users\81808\source\repos\airbat\debug\c++rest.pdb
c:\users\81808\source\repos\airbat\debug\airbat.tlog\airbat.write.1u.tlog
c:\users\81808\source\repos\airbat\debug\airbat.tlog\cl.command.1.tlog
c:\users\81808\source\repos\airbat\debug\airbat.tlog\cl.read.1.tlog
c:\users\81808\source\repos\airbat\debug\airbat.tlog\cl.write.1.tlog
c:\users\81808\source\repos\airbat\debug\airbat.tlog\link.command.1.tlog
c:\users\81808\source\repos\airbat\debug\airbat.tlog\link.read.1.tlog
c:\users\81808\source\repos\airbat\debug\airbat.tlog\link.write.1.tlog
