c:\users\81808\source\repos\airbat\release\cpprest141_2_10.dll
c:\users\81808\source\repos\airbat\release\airbat.ipdb
c:\users\81808\source\repos\airbat\release\airbat.iobj
c:\users\81808\source\repos\airbat\release\vc141.pdb
c:\users\81808\source\repos\airbat\release\meshwall.obj
c:\users\81808\source\repos\airbat\release\meshsky.obj
c:\users\81808\source\repos\airbat\release\meshfield.obj
c:\users\81808\source\repos\airbat\release\main.obj
c:\users\81808\source\repos\airbat\release\light.obj
c:\users\81808\source\repos\airbat\release\life.obj
c:\users\81808\source\repos\airbat\release\item.obj
c:\users\81808\source\repos\airbat\release\input.obj
c:\users\81808\source\repos\airbat\release\getscore.obj
c:\users\81808\source\repos\airbat\release\game.obj
c:\users\81808\source\repos\airbat\release\fade.obj
c:\users\81808\source\repos\airbat\release\explosion.obj
c:\users\81808\source\repos\airbat\release\enemybullet.obj
c:\users\81808\source\repos\airbat\release\enemy.obj
c:\users\81808\source\repos\airbat\release\effect.obj
c:\users\81808\source\repos\airbat\release\colision.obj
c:\users\81808\source\repos\airbat\release\camera.obj
c:\users\81808\source\repos\airbat\release\bulletscore.obj
c:\users\81808\source\repos\airbat\release\bullet.obj
c:\users\81808\source\repos\airbat\release\aircraftcarrier.obj
c:\users\81808\source\repos\airbat\release\tutorial.obj
c:\users\81808\source\repos\airbat\release\titleselection.obj
c:\users\81808\source\repos\airbat\release\title.obj
c:\users\81808\source\repos\airbat\release\timer.obj
c:\users\81808\source\repos\airbat\release\cockpit.obj
c:\users\81808\source\repos\airbat\release\sound.obj
c:\users\81808\source\repos\airbat\release\shadow.obj
c:\users\81808\source\repos\airbat\release\score.obj
c:\users\81808\source\repos\airbat\release\savescore.obj
c:\users\81808\source\repos\airbat\release\rule.obj
c:\users\81808\source\repos\airbat\release\resultscore.obj
c:\users\81808\source\repos\airbat\release\result.obj
c:\users\81808\source\repos\airbat\release\ranking.obj
c:\users\81808\source\repos\airbat\release\radarenemy.obj
c:\users\81808\source\repos\airbat\release\radar.obj
c:\users\81808\source\repos\airbat\release\player.obj
c:\users\81808\source\repos\airbat\release\missile.obj
c:\users\81808\source\repos\airbat\release\airbat.exe
c:\users\81808\source\repos\airbat\release\airbat.pdb
c:\users\81808\source\repos\airbat\release\airbat.tlog\airbat.write.1u.tlog
c:\users\81808\source\repos\airbat\release\airbat.tlog\cl.command.1.tlog
c:\users\81808\source\repos\airbat\release\airbat.tlog\cl.read.1.tlog
c:\users\81808\source\repos\airbat\release\airbat.tlog\cl.write.1.tlog
c:\users\81808\source\repos\airbat\release\airbat.tlog\link.command.1.tlog
c:\users\81808\source\repos\airbat\release\airbat.tlog\link.read.1.tlog
c:\users\81808\source\repos\airbat\release\airbat.tlog\link.write.1.tlog
